Loading intel-compilers-19/19.0.0.117
  Loading requirement: intel-license gcc/8.2.0 intel-cc-19/19.0.0.117
    intel-fc-19/19.0.0.117
Scale Factor = 80, iterations = 5000
Irrotational flow
Running CFD on 2880 x 2880 grid using 576 process(es) 

Starting main loop...

Completed iteration 1000
Completed iteration 2000
Completed iteration 3000
Completed iteration 4000
Completed iteration 5000

... finished
After 5000 iterations, the error is 0.000374953
Time for 5000 iterations was 1.53618 seconds
Each iteration took 0.000307235 seconds


Writing data files ...
... done!

Written gnuplot script 'cfd.plt'
... finished
