Loading intel-compilers-19/19.0.0.117
  Loading requirement: intel-license gcc/8.2.0 intel-cc-19/19.0.0.117
    intel-fc-19/19.0.0.117
Scale Factor = 64, iterations = 10000
Irrotational flow
Running CFD on 2304 x 2304 grid using 576 process(es) 

Starting main loop...

Completed iteration 1000
Completed iteration 2000
Completed iteration 3000
Completed iteration 4000
Completed iteration 5000
Completed iteration 6000
Completed iteration 7000
Completed iteration 8000
Completed iteration 9000
Completed iteration 10000

... finished
After 10000 iterations, the error is 0.000222199
Time for 10000 iterations was 1.64082 seconds
Each iteration took 0.000164082 seconds


Writing data files ...
... done!

Written gnuplot script 'cfd.plt'
... finished
