Loading intel-compilers-19/19.0.0.117
  Loading requirement: intel-license gcc/8.2.0 intel-cc-19/19.0.0.117
    intel-fc-19/19.0.0.117
Scale Factor = 64, iterations = 20000
Irrotational flow
Running CFD on 2304 x 2304 grid using 576 process(es) 

Starting main loop...

Completed iteration 1000
Completed iteration 2000
Completed iteration 3000
Completed iteration 4000
Completed iteration 5000
Completed iteration 6000
Completed iteration 7000
Completed iteration 8000
Completed iteration 9000
Completed iteration 10000
Completed iteration 11000
Completed iteration 12000
Completed iteration 13000
Completed iteration 14000
Completed iteration 15000
Completed iteration 16000
Completed iteration 17000
Completed iteration 18000
Completed iteration 19000
Completed iteration 20000

... finished
After 20000 iterations, the error is 0.000131541
Time for 20000 iterations was 2.97869 seconds
Each iteration took 0.000148934 seconds


Writing data files ...
... done!

Written gnuplot script 'cfd.plt'
... finished
